[0.010s] Invoking command in '/home/ahmed/projects/ROS2/navigation-workspace/build/turtlebot3': CMAKE_PREFIX_PATH=${CMAKE_PREFIX_PATH}:/opt/ros/humble /usr/bin/cmake /home/ahmed/projects/ROS2/navigation-workspace/src/navigation2_ignition_gazebo_turtlebot3/turtlebot3 -DCMAKE_INSTALL_PREFIX=/home/ahmed/projects/ROS2/navigation-workspace/install/turtlebot3
[0.065s] -- The C compiler identification is GNU 13.1.0
[0.124s] -- The CXX compiler identification is GNU 13.1.0
[0.132s] -- Detecting C compiler ABI info
[0.207s] -- Detecting C compiler ABI info - done
[0.213s] -- Check for working C compiler: /usr/bin/cc - skipped
[0.214s] -- Detecting C compile features
[0.214s] -- Detecting C compile features - done
[0.216s] -- Detecting CXX compiler ABI info
[0.297s] -- Detecting CXX compiler ABI info - done
[0.304s] -- Check for working CXX compiler: /usr/bin/c++ - skipped
[0.304s] -- Detecting CXX compile features
[0.304s] -- Detecting CXX compile features - done
[0.306s] -- Found ament_cmake: 1.3.10 (/opt/ros/humble/share/ament_cmake/cmake)
[0.444s] -- Found Python3: /usr/bin/python3 (found version "3.10.12") found components: Interpreter 
[0.523s] -- Found ament_lint_auto: 0.12.11 (/opt/ros/humble/share/ament_lint_auto/cmake)
[0.593s] -- Added test 'flake8' to check Python code syntax and style conventions
[0.593s] -- Added test 'lint_cmake' to check CMake code style
[0.594s] -- Added test 'pep257' to check Python code against some of the docstring style conventions in PEP 257
[0.596s] -- Added test 'xmllint' to check XML markup files
[0.597s] -- Configuring done
[0.600s] -- Generating done
[0.601s] -- Build files have been written to: /home/ahmed/projects/ROS2/navigation-workspace/build/turtlebot3
[0.606s] Invoked command in '/home/ahmed/projects/ROS2/navigation-workspace/build/turtlebot3' returned '0': CMAKE_PREFIX_PATH=${CMAKE_PREFIX_PATH}:/opt/ros/humble /usr/bin/cmake /home/ahmed/projects/ROS2/navigation-workspace/src/navigation2_ignition_gazebo_turtlebot3/turtlebot3 -DCMAKE_INSTALL_PREFIX=/home/ahmed/projects/ROS2/navigation-workspace/install/turtlebot3
[0.608s] Invoking command in '/home/ahmed/projects/ROS2/navigation-workspace/build/turtlebot3': CMAKE_PREFIX_PATH=${CMAKE_PREFIX_PATH}:/opt/ros/humble /usr/bin/cmake --build /home/ahmed/projects/ROS2/navigation-workspace/build/turtlebot3 -- -j16 -l16
[0.649s] Invoked command in '/home/ahmed/projects/ROS2/navigation-workspace/build/turtlebot3' returned '0': CMAKE_PREFIX_PATH=${CMAKE_PREFIX_PATH}:/opt/ros/humble /usr/bin/cmake --build /home/ahmed/projects/ROS2/navigation-workspace/build/turtlebot3 -- -j16 -l16
[0.681s] Invoking command in '/home/ahmed/projects/ROS2/navigation-workspace/build/turtlebot3': CMAKE_PREFIX_PATH=${CMAKE_PREFIX_PATH}:/opt/ros/humble /usr/bin/cmake --install /home/ahmed/projects/ROS2/navigation-workspace/build/turtlebot3
[0.688s] -- Install configuration: ""
[0.688s] -- Installing: /home/ahmed/projects/ROS2/navigation-workspace/install/turtlebot3/share/turtlebot3/launch
[0.688s] -- Installing: /home/ahmed/projects/ROS2/navigation-workspace/install/turtlebot3/share/turtlebot3/launch/simulation.launch.py
[0.688s] -- Installing: /home/ahmed/projects/ROS2/navigation-workspace/install/turtlebot3/share/turtlebot3/launch/robot_state_publisher.launch.py
[0.689s] -- Installing: /home/ahmed/projects/ROS2/navigation-workspace/install/turtlebot3/share/turtlebot3/launch/ros_ign_bridge.launch.py
[0.689s] -- Installing: /home/ahmed/projects/ROS2/navigation-workspace/install/turtlebot3/share/turtlebot3/launch/navigation2.launch.py
[0.689s] -- Installing: /home/ahmed/projects/ROS2/navigation-workspace/install/turtlebot3/share/turtlebot3/models
[0.689s] -- Installing: /home/ahmed/projects/ROS2/navigation-workspace/install/turtlebot3/share/turtlebot3/models/worlds
[0.689s] -- Installing: /home/ahmed/projects/ROS2/navigation-workspace/install/turtlebot3/share/turtlebot3/models/worlds/meshes
[0.689s] -- Installing: /home/ahmed/projects/ROS2/navigation-workspace/install/turtlebot3/share/turtlebot3/models/worlds/meshes/wall.dae
[0.689s] -- Installing: /home/ahmed/projects/ROS2/navigation-workspace/install/turtlebot3/share/turtlebot3/models/worlds/meshes/hexagon.dae
[0.689s] -- Installing: /home/ahmed/projects/ROS2/navigation-workspace/install/turtlebot3/share/turtlebot3/models/worlds/model.sdf
[0.689s] -- Installing: /home/ahmed/projects/ROS2/navigation-workspace/install/turtlebot3/share/turtlebot3/models/worlds/world_only.sdf
[0.689s] -- Installing: /home/ahmed/projects/ROS2/navigation-workspace/install/turtlebot3/share/turtlebot3/models/turtlebot3
[0.689s] -- Installing: /home/ahmed/projects/ROS2/navigation-workspace/install/turtlebot3/share/turtlebot3/models/turtlebot3/model.config
[0.689s] -- Installing: /home/ahmed/projects/ROS2/navigation-workspace/install/turtlebot3/share/turtlebot3/models/turtlebot3/meshes
[0.690s] -- Installing: /home/ahmed/projects/ROS2/navigation-workspace/install/turtlebot3/share/turtlebot3/models/turtlebot3/meshes/waffle_pi_base.dae
[0.690s] -- Installing: /home/ahmed/projects/ROS2/navigation-workspace/install/turtlebot3/share/turtlebot3/models/turtlebot3/meshes/burger_base.dae
[0.690s] -- Installing: /home/ahmed/projects/ROS2/navigation-workspace/install/turtlebot3/share/turtlebot3/models/turtlebot3/meshes/waffle_base.dae
[0.690s] -- Installing: /home/ahmed/projects/ROS2/navigation-workspace/install/turtlebot3/share/turtlebot3/models/turtlebot3/meshes/r200.dae
[0.690s] -- Installing: /home/ahmed/projects/ROS2/navigation-workspace/install/turtlebot3/share/turtlebot3/models/turtlebot3/meshes/lds.dae
[0.690s] -- Installing: /home/ahmed/projects/ROS2/navigation-workspace/install/turtlebot3/share/turtlebot3/models/turtlebot3/meshes/tire.dae
[0.691s] -- Installing: /home/ahmed/projects/ROS2/navigation-workspace/install/turtlebot3/share/turtlebot3/models/turtlebot3/model.sdf
[0.691s] -- Installing: /home/ahmed/projects/ROS2/navigation-workspace/install/turtlebot3/share/turtlebot3/maps
[0.691s] -- Installing: /home/ahmed/projects/ROS2/navigation-workspace/install/turtlebot3/share/turtlebot3/maps/turtlebot3_world.pgm
[0.691s] -- Installing: /home/ahmed/projects/ROS2/navigation-workspace/install/turtlebot3/share/turtlebot3/maps/turtlebot3_world.yaml
[0.691s] -- Installing: /home/ahmed/projects/ROS2/navigation-workspace/install/turtlebot3/share/turtlebot3/params
[0.691s] -- Installing: /home/ahmed/projects/ROS2/navigation-workspace/install/turtlebot3/share/turtlebot3/params/waffle.yaml
[0.691s] -- Installing: /home/ahmed/projects/ROS2/navigation-workspace/install/turtlebot3/share/ament_index/resource_index/package_run_dependencies/turtlebot3
[0.692s] -- Installing: /home/ahmed/projects/ROS2/navigation-workspace/install/turtlebot3/share/ament_index/resource_index/parent_prefix_path/turtlebot3
[0.692s] -- Installing: /home/ahmed/projects/ROS2/navigation-workspace/install/turtlebot3/share/turtlebot3/environment/ament_prefix_path.sh
[0.692s] -- Installing: /home/ahmed/projects/ROS2/navigation-workspace/install/turtlebot3/share/turtlebot3/environment/ament_prefix_path.dsv
[0.692s] -- Installing: /home/ahmed/projects/ROS2/navigation-workspace/install/turtlebot3/share/turtlebot3/environment/path.sh
[0.692s] -- Installing: /home/ahmed/projects/ROS2/navigation-workspace/install/turtlebot3/share/turtlebot3/environment/path.dsv
[0.692s] -- Installing: /home/ahmed/projects/ROS2/navigation-workspace/install/turtlebot3/share/turtlebot3/local_setup.bash
[0.693s] -- Installing: /home/ahmed/projects/ROS2/navigation-workspace/install/turtlebot3/share/turtlebot3/local_setup.sh
[0.693s] -- Installing: /home/ahmed/projects/ROS2/navigation-workspace/install/turtlebot3/share/turtlebot3/local_setup.zsh
[0.693s] -- Installing: /home/ahmed/projects/ROS2/navigation-workspace/install/turtlebot3/share/turtlebot3/local_setup.dsv
[0.693s] -- Installing: /home/ahmed/projects/ROS2/navigation-workspace/install/turtlebot3/share/turtlebot3/package.dsv
[0.693s] -- Installing: /home/ahmed/projects/ROS2/navigation-workspace/install/turtlebot3/share/ament_index/resource_index/packages/turtlebot3
[0.693s] -- Installing: /home/ahmed/projects/ROS2/navigation-workspace/install/turtlebot3/share/turtlebot3/cmake/turtlebot3Config.cmake
[0.693s] -- Installing: /home/ahmed/projects/ROS2/navigation-workspace/install/turtlebot3/share/turtlebot3/cmake/turtlebot3Config-version.cmake
[0.694s] -- Installing: /home/ahmed/projects/ROS2/navigation-workspace/install/turtlebot3/share/turtlebot3/package.xml
[0.696s] Invoked command in '/home/ahmed/projects/ROS2/navigation-workspace/build/turtlebot3' returned '0': CMAKE_PREFIX_PATH=${CMAKE_PREFIX_PATH}:/opt/ros/humble /usr/bin/cmake --install /home/ahmed/projects/ROS2/navigation-workspace/build/turtlebot3
